d:\nvpack\samples\gameworks_samples\extensions\build\vs2012win32\intermediate\nvmodel\vs2012x86\release\vc120.pdb
d:\nvpack\samples\gameworks_samples\extensions\build\vs2012win32\intermediate\nvmodel\vs2012x86\release\nvshapes.obj
d:\nvpack\samples\gameworks_samples\extensions\build\vs2012win32\intermediate\nvmodel\vs2012x86\release\nvmodelquery.obj
d:\nvpack\samples\gameworks_samples\extensions\build\vs2012win32\intermediate\nvmodel\vs2012x86\release\nvmodelobj.obj
d:\nvpack\samples\gameworks_samples\extensions\build\vs2012win32\intermediate\nvmodel\vs2012x86\release\nvmodel.obj
d:\nvpack\samples\gameworks_samples\extensions\build\vs2012win32\intermediate\nvmodel\vs2012x86\release\nvglmodel.obj
d:\topaz\to_redmine\example\extensions\build\vs2012win32\intermediate\nvmodel\vs2012x86\release\vc120.pdb
d:\topaz\to_redmine\example\extensions\build\vs2012win32\intermediate\nvmodel\vs2012x86\release\nvshapes.obj
d:\topaz\to_redmine\example\extensions\build\vs2012win32\intermediate\nvmodel\vs2012x86\release\nvmodelquery.obj
d:\topaz\to_redmine\example\extensions\build\vs2012win32\intermediate\nvmodel\vs2012x86\release\nvmodelobj.obj
d:\topaz\to_redmine\example\extensions\build\vs2012win32\intermediate\nvmodel\vs2012x86\release\nvmodel.obj
d:\topaz\to_redmine\example\extensions\build\vs2012win32\intermediate\nvmodel\vs2012x86\release\nvglmodel.obj
d:\nvpack\samples\gameworks_samples\extensions\lib\vs2012x86\libnvmodeld.lib
d:\topaz\to_redmine\example\extensions\lib\vs2012x86\libnvmodeld.lib
d:\topaz\to_redmine\example\extensions\build\vs2012win32\./../../lib/vs2012x86\libnvmodeld.lib
d:\topaz\to_redmine\example\extensions\build\vs2012win32\intermediate\nvmodel\vs2012x86\release\nvmodel.tlog\cl.command.1.tlog
d:\topaz\to_redmine\example\extensions\build\vs2012win32\intermediate\nvmodel\vs2012x86\release\nvmodel.tlog\cl.read.1.tlog
d:\topaz\to_redmine\example\extensions\build\vs2012win32\intermediate\nvmodel\vs2012x86\release\nvmodel.tlog\cl.write.1.tlog
d:\topaz\to_redmine\example\extensions\build\vs2012win32\intermediate\nvmodel\vs2012x86\release\nvmodel.tlog\lib-link.read.1.tlog
d:\topaz\to_redmine\example\extensions\build\vs2012win32\intermediate\nvmodel\vs2012x86\release\nvmodel.tlog\lib-link.write.1.tlog
d:\topaz\to_redmine\example\extensions\build\vs2012win32\intermediate\nvmodel\vs2012x86\release\nvmodel.tlog\lib.command.1.tlog
