d:\nvpack\samples\gameworks_samples\extensions\build\vs2012win32\intermediate\nvappbase\vs2012x86\release\vc120.pdb
d:\nvpack\samples\gameworks_samples\extensions\build\vs2012win32\intermediate\nvappbase\vs2012x86\release\nvsampleapp.obj
d:\nvpack\samples\gameworks_samples\extensions\build\vs2012win32\intermediate\nvappbase\vs2012x86\release\nvlogs.obj
d:\nvpack\samples\gameworks_samples\extensions\build\vs2012win32\intermediate\nvappbase\vs2012x86\release\nvinputtransformer.obj
d:\nvpack\samples\gameworks_samples\extensions\build\vs2012win32\intermediate\nvappbase\vs2012x86\release\nvframeratecounter.obj
d:\nvpack\samples\gameworks_samples\extensions\build\vs2012win32\intermediate\nvappbase\vs2012x86\release\nvappbase.obj
d:\nvpack\samples\gameworks_samples\extensions\build\vs2012win32\intermediate\nvappbase\vs2012x86\release\mainwin32.obj
d:\nvpack\samples\gameworks_samples\extensions\build\vs2012win32\intermediate\nvappbase\vs2012x86\release\mainmacosx.obj
d:\nvpack\samples\gameworks_samples\extensions\build\vs2012win32\intermediate\nvappbase\vs2012x86\release\mainlinux.obj
d:\nvpack\samples\gameworks_samples\extensions\build\vs2012win32\intermediate\nvappbase\vs2012x86\release\mainandroid.obj
d:\nvpack\samples\gameworks_samples\extensions\build\vs2012win32\intermediate\nvappbase\vs2012x86\release\inputcallbacksglfw.obj
d:\nvpack\samples\gameworks_samples\extensions\build\vs2012win32\intermediate\nvappbase\vs2012x86\release\engineandroid.obj
d:\nvpack\samples\gameworks_samples\extensions\build\vs2012win32\intermediate\nvappbase\vs2012x86\release\nvandroidnativeappglue.obj
d:\topaz\to_redmine\example\extensions\build\vs2012win32\intermediate\nvappbase\vs2012x86\release\vc120.pdb
d:\topaz\to_redmine\example\extensions\build\vs2012win32\intermediate\nvappbase\vs2012x86\release\nvsampleapp.obj
d:\topaz\to_redmine\example\extensions\build\vs2012win32\intermediate\nvappbase\vs2012x86\release\nvlogs.obj
d:\topaz\to_redmine\example\extensions\build\vs2012win32\intermediate\nvappbase\vs2012x86\release\nvinputtransformer.obj
d:\topaz\to_redmine\example\extensions\build\vs2012win32\intermediate\nvappbase\vs2012x86\release\nvframeratecounter.obj
d:\topaz\to_redmine\example\extensions\build\vs2012win32\intermediate\nvappbase\vs2012x86\release\nvappbase.obj
d:\topaz\to_redmine\example\extensions\build\vs2012win32\intermediate\nvappbase\vs2012x86\release\mainwin32.obj
d:\topaz\to_redmine\example\extensions\build\vs2012win32\intermediate\nvappbase\vs2012x86\release\mainmacosx.obj
d:\topaz\to_redmine\example\extensions\build\vs2012win32\intermediate\nvappbase\vs2012x86\release\mainlinux.obj
d:\topaz\to_redmine\example\extensions\build\vs2012win32\intermediate\nvappbase\vs2012x86\release\mainandroid.obj
d:\topaz\to_redmine\example\extensions\build\vs2012win32\intermediate\nvappbase\vs2012x86\release\inputcallbacksglfw.obj
d:\topaz\to_redmine\example\extensions\build\vs2012win32\intermediate\nvappbase\vs2012x86\release\engineandroid.obj
d:\topaz\to_redmine\example\extensions\build\vs2012win32\intermediate\nvappbase\vs2012x86\release\nvandroidnativeappglue.obj
d:\nvpack\samples\gameworks_samples\extensions\lib\vs2012x86\libnvappbased.lib
d:\topaz\to_redmine\example\extensions\lib\vs2012x86\libnvappbased.lib
d:\topaz\to_redmine\example\extensions\build\vs2012win32\./../../lib/vs2012x86\libnvappbased.lib
d:\topaz\to_redmine\example\extensions\build\vs2012win32\intermediate\nvappbase\vs2012x86\release\nvappbase.tlog\cl.command.1.tlog
d:\topaz\to_redmine\example\extensions\build\vs2012win32\intermediate\nvappbase\vs2012x86\release\nvappbase.tlog\cl.read.1.tlog
d:\topaz\to_redmine\example\extensions\build\vs2012win32\intermediate\nvappbase\vs2012x86\release\nvappbase.tlog\cl.write.1.tlog
d:\topaz\to_redmine\example\extensions\build\vs2012win32\intermediate\nvappbase\vs2012x86\release\nvappbase.tlog\lib-link.read.1.tlog
d:\topaz\to_redmine\example\extensions\build\vs2012win32\intermediate\nvappbase\vs2012x86\release\nvappbase.tlog\lib-link.write.1.tlog
d:\topaz\to_redmine\example\extensions\build\vs2012win32\intermediate\nvappbase\vs2012x86\release\nvappbase.tlog\lib.command.1.tlog
